{
  "RSpec": {
    "coverage": {
      "/home/rubyuser/hemali/RailsApp/app/helpers/application_helper.rb": [
        1,
        null
      ],
      "/home/rubyuser/hemali/RailsApp/app/helpers/calculator_helper.rb": [
        1,
        null
      ],
      "/home/rubyuser/hemali/RailsApp/app/helpers/client_helper.rb": [
        1,
        null
      ],
      "/home/rubyuser/hemali/RailsApp/app/helpers/welcome_helper.rb": [
        1,
        null
      ],
      "/home/rubyuser/hemali/RailsApp/app/models/parser.rb": [
        null,
        null,
        1,
        1,
        null,
        1,
        19,
        null,
        null,
        1,
        8,
        7,
        6,
        5,
        null,
        null,
        1,
        2,
        null,
        null,
        1,
        0,
        null,
        1,
        1,
        19,
        19,
        19,
        null,
        null
      ],
      "/home/rubyuser/hemali/RailsApp/app/models/router.rb": [
        null,
        null,
        1,
        1,
        1,
        9,
        null,
        null,
        1,
        9,
        null,
        2,
        null,
        2,
        null,
        2,
        null,
        2,
        null,
        1,
        null,
        0,
        null,
        null,
        null
      ],
      "/home/rubyuser/hemali/RailsApp/app/models/calculator.rb": [
        null,
        1,
        null,
        1,
        3,
        3,
        3,
        null,
        null,
        1,
        3,
        3,
        3,
        null,
        null,
        1,
        2,
        2,
        2,
        null,
        null,
        1,
        2,
        2,
        2,
        null,
        null,
        1,
        1,
        1,
        1,
        null,
        null
      ]
    },
    "timestamp": 1406623916
  }
}
